<?xml version="1.0" encoding="UTF-8"?>
<!-- Generated by org.testng.reporters.JUnitReportReporter -->
<testsuite skipped="0" hostname="DESKTOP-C4LVIFM" name="com.sgtesting.testngloginlogoutscenario.BasicExample1" tests="8" failures="0" timestamp="2021-09-16T17:14:58 IST" time="22.747" errors="0">
  <testcase name="launchBrowser" time="1.753" classname="com.sgtesting.testngloginlogoutscenario.BasicExample1"/>
  <system-out/>
  <testcase name="navigate" time="0.701" classname="com.sgtesting.testngloginlogoutscenario.BasicExample1"/>
  <system-out/>
  <testcase name="login" time="3.290" classname="com.sgtesting.testngloginlogoutscenario.BasicExample1"/>
  <system-out/>
  <testcase name="minimize" time="2.123" classname="com.sgtesting.testngloginlogoutscenario.BasicExample1"/>
  <system-out/>
  <testcase name="createUser" time="8.281" classname="com.sgtesting.testngloginlogoutscenario.BasicExample1"/>
  <system-out/>
  <testcase name="deleteUser" time="4.213" classname="com.sgtesting.testngloginlogoutscenario.BasicExample1"/>
  <system-out/>
  <testcase name="logout" time="2.286" classname="com.sgtesting.testngloginlogoutscenario.BasicExample1"/>
  <system-out/>
  <testcase name="closeAppilcation" time="0.100" classname="com.sgtesting.testngloginlogoutscenario.BasicExample1"/>
  <system-out/>
</testsuite> <!-- com.sgtesting.testngloginlogoutscenario.BasicExample1 -->
