<?xml version="1.0" encoding="UTF-8"?>
<!-- Generated by org.testng.reporters.JUnitReportReporter -->
<testsuite skipped="0" hostname="DESKTOP-C4LVIFM" name="com.sgtesting.testngloginlogoutscenario.Example6" tests="10" failures="0" timestamp="2021-09-16T17:37:53 IST" time="39.680" errors="0">
  <testcase name="launchBrowser" time="1.619" classname="com.sgtesting.testngloginlogoutscenario.Example6"/>
  <system-out/>
  <testcase name="navigate" time="0.758" classname="com.sgtesting.testngloginlogoutscenario.Example6"/>
  <system-out/>
  <testcase name="login" time="2.276" classname="com.sgtesting.testngloginlogoutscenario.Example6"/>
  <system-out/>
  <testcase name="createCustomer" time="6.766" classname="com.sgtesting.testngloginlogoutscenario.Example6"/>
  <system-out/>
  <testcase name="CreateProject" time="9.523" classname="com.sgtesting.testngloginlogoutscenario.Example6"/>
  <system-out/>
  <testcase name="modifyProject" time="4.327" classname="com.sgtesting.testngloginlogoutscenario.Example6"/>
  <system-out/>
  <testcase name="deleteProject" time="6.340" classname="com.sgtesting.testngloginlogoutscenario.Example6"/>
  <system-out/>
  <testcase name="deleteCustomer" time="6.372" classname="com.sgtesting.testngloginlogoutscenario.Example6"/>
  <system-out/>
  <testcase name="logout" time="1.598" classname="com.sgtesting.testngloginlogoutscenario.Example6"/>
  <system-out/>
  <testcase name="closeApplication" time="0.101" classname="com.sgtesting.testngloginlogoutscenario.Example6"/>
  <system-out/>
</testsuite> <!-- com.sgtesting.testngloginlogoutscenario.Example6 -->
