<?xml version="1.0" encoding="UTF-8"?>
<!-- Generated by org.testng.reporters.JUnitReportReporter -->
<testsuite skipped="0" hostname="DESKTOP-C4LVIFM" name="com.sgtesting.test.DataProvider" tests="3" failures="0" timestamp="2021-09-16T17:10:16 IST" time="3.085" errors="0">
  <testcase name="login" time="0.016" classname="com.sgtesting.test.DataProvider"/>
  <system-out/>
  <testcase name="launchBrowser" time="2.273" classname="com.sgtesting.test.DataProvider"/>
  <system-out/>
  <testcase name="navigate" time="0.796" classname="com.sgtesting.test.DataProvider"/>
  <system-out/>
</testsuite> <!-- com.sgtesting.test.DataProvider -->
