<?xml version="1.0" encoding="UTF-8"?>
<!-- Generated by org.testng.reporters.JUnitReportReporter -->
<testsuite skipped="0" hostname="DESKTOP-C4LVIFM" name="com.sgtesting.testngloginlogoutscenario.BasicExample4" tests="8" failures="0" timestamp="2021-09-16T17:28:56 IST" time="28.832" errors="0">
  <testcase name="launchBrowser" time="1.667" classname="com.sgtesting.testngloginlogoutscenario.BasicExample4"/>
  <system-out/>
  <testcase name="navigate" time="0.799" classname="com.sgtesting.testngloginlogoutscenario.BasicExample4"/>
  <system-out/>
  <testcase name="login" time="2.264" classname="com.sgtesting.testngloginlogoutscenario.BasicExample4"/>
  <system-out/>
  <testcase name="createCustomer" time="12.937" classname="com.sgtesting.testngloginlogoutscenario.BasicExample4"/>
  <system-out/>
  <testcase name="modfiyCustomer" time="4.301" classname="com.sgtesting.testngloginlogoutscenario.BasicExample4"/>
  <system-out/>
  <testcase name="deleteCustomer" time="2.148" classname="com.sgtesting.testngloginlogoutscenario.BasicExample4"/>
  <system-out/>
  <testcase name="logout" time="2.591" classname="com.sgtesting.testngloginlogoutscenario.BasicExample4"/>
  <system-out/>
  <testcase name="closeApplication" time="2.125" classname="com.sgtesting.testngloginlogoutscenario.BasicExample4"/>
  <system-out/>
</testsuite> <!-- com.sgtesting.testngloginlogoutscenario.BasicExample4 -->
