<?xml version="1.0" encoding="UTF-8"?>
<!-- Generated by org.testng.reporters.JUnitReportReporter -->
<testsuite skipped="0" hostname="DESKTOP-C4LVIFM" name="com.sgtesting.testngloginlogoutscenario.BasicAssignment3" tests="8" failures="0" timestamp="2021-09-16T17:25:23 IST" time="37.118" errors="0">
  <testcase name="launchBrowser" time="1.604" classname="com.sgtesting.testngloginlogoutscenario.BasicAssignment3"/>
  <system-out/>
  <testcase name="navigate" time="3.566" classname="com.sgtesting.testngloginlogoutscenario.BasicAssignment3"/>
  <system-out/>
  <testcase name="login" time="4.241" classname="com.sgtesting.testngloginlogoutscenario.BasicAssignment3"/>
  <system-out/>
  <testcase name="createCustomer" time="12.878" classname="com.sgtesting.testngloginlogoutscenario.BasicAssignment3"/>
  <system-out/>
  <testcase name="deleteCustomer" time="8.361" classname="com.sgtesting.testngloginlogoutscenario.BasicAssignment3"/>
  <system-out/>
  <testcase name="minimize" time="2.090" classname="com.sgtesting.testngloginlogoutscenario.BasicAssignment3"/>
  <system-out/>
  <testcase name="logout" time="2.280" classname="com.sgtesting.testngloginlogoutscenario.BasicAssignment3"/>
  <system-out/>
  <testcase name="closeApplication" time="2.098" classname="com.sgtesting.testngloginlogoutscenario.BasicAssignment3"/>
  <system-out/>
</testsuite> <!-- com.sgtesting.testngloginlogoutscenario.BasicAssignment3 -->
