<?xml version="1.0" encoding="UTF-8"?>
<!-- Generated by org.testng.reporters.JUnitReportReporter -->
<testsuite skipped="0" hostname="DESKTOP-C4LVIFM" name="com.sgtesting.testngloginlogoutscenario.BasicExample5" tests="10" failures="0" timestamp="2021-09-16T17:32:42 IST" time="30.757" errors="0">
  <testcase name="launchBrowser" time="1.766" classname="com.sgtesting.testngloginlogoutscenario.BasicExample5"/>
  <system-out/>
  <testcase name="navigate" time="3.597" classname="com.sgtesting.testngloginlogoutscenario.BasicExample5"/>
  <system-out/>
  <testcase name="login" time="4.286" classname="com.sgtesting.testngloginlogoutscenario.BasicExample5"/>
  <system-out/>
  <testcase name="createCustomer" time="13.224" classname="com.sgtesting.testngloginlogoutscenario.BasicExample5"/>
  <system-out/>
  <testcase name="createProject" time="1.162" classname="com.sgtesting.testngloginlogoutscenario.BasicExample5"/>
  <system-out/>
  <testcase name="deleteProject" time="1.138" classname="com.sgtesting.testngloginlogoutscenario.BasicExample5"/>
  <system-out/>
  <testcase name="deleteCustomer" time="1.107" classname="com.sgtesting.testngloginlogoutscenario.BasicExample5"/>
  <system-out/>
  <testcase name="minimizeFlyOutWindow" time="1.176" classname="com.sgtesting.testngloginlogoutscenario.BasicExample5"/>
  <system-out/>
  <testcase name="logout" time="1.133" classname="com.sgtesting.testngloginlogoutscenario.BasicExample5"/>
  <system-out/>
  <testcase name="closeApplication" time="2.168" classname="com.sgtesting.testngloginlogoutscenario.BasicExample5"/>
  <system-out/>
</testsuite> <!-- com.sgtesting.testngloginlogoutscenario.BasicExample5 -->
